[0616/131757.565:ERROR:crash_report_database_win.cc(469)] failed to stat report
[0616/132700.110:ERROR:crash_report_database_win.cc(469)] failed to stat report
[0616/221723.755:ERROR:crash_report_database_win.cc(469)] failed to stat report
[0616/222723.754:ERROR:crash_report_database_win.cc(469)] failed to stat report
[0616/222723.754:ERROR:crash_report_database_win.cc(469)] failed to stat report
[0616/223223.755:ERROR:crash_report_database_win.cc(469)] failed to stat report
[0616/223317.701:ERROR:crash_report_database_win.cc(469)] failed to stat report
[0616/224317.701:ERROR:crash_report_database_win.cc(469)] failed to stat report
[0616/224317.701:ERROR:crash_report_database_win.cc(469)] failed to stat report
[0616/224817.703:ERROR:crash_report_database_win.cc(469)] failed to stat report
[0616/230317.704:ERROR:crash_report_database_win.cc(469)] failed to stat report
[0616/231817.704:ERROR:crash_report_database_win.cc(469)] failed to stat report
[0617/055507.748:ERROR:crash_report_database_win.cc(469)] failed to stat report
[0617/060507.749:ERROR:crash_report_database_win.cc(469)] failed to stat report
[0617/060507.749:ERROR:crash_report_database_win.cc(469)] failed to stat report
[0617/061007.749:ERROR:crash_report_database_win.cc(469)] failed to stat report
[0617/062507.749:ERROR:crash_report_database_win.cc(469)] failed to stat report
[0617/064007.750:ERROR:crash_report_database_win.cc(469)] failed to stat report
[0617/104546.059:ERROR:crash_report_database_win.cc(469)] failed to stat report
[0617/104626.828:ERROR:crash_report_database_win.cc(469)] failed to stat report
[0617/205535.507:ERROR:crash_report_database_win.cc(469)] failed to stat report
[0617/210309.055:ERROR:crash_report_database_win.cc(469)] failed to stat report
[0618/122721.533:ERROR:crash_report_database_win.cc(469)] failed to stat report
[0618/163153.902:ERROR:crash_report_database_win.cc(469)] failed to stat report
[0619/105734.949:ERROR:crash_report_database_win.cc(469)] failed to stat report
[0619/161522.985:ERROR:crash_report_database_win.cc(469)] failed to stat report
[0619/164510.934:ERROR:crash_report_database_win.cc(469)] failed to stat report
[0619/165058.620:ERROR:crash_report_database_win.cc(469)] failed to stat report
[0619/170953.904:ERROR:crash_report_database_win.cc(469)] failed to stat report
[0619/190706.648:ERROR:crash_report_database_win.cc(469)] failed to stat report
[0619/194608.474:ERROR:crash_report_database_win.cc(469)] failed to stat report
[0619/194700.820:ERROR:crash_report_database_win.cc(469)] failed to stat report
[0619/194928.161:ERROR:crash_report_database_win.cc(469)] failed to stat report
[0619/203041.922:ERROR:crash_report_database_win.cc(469)] failed to stat report
[0620/083845.364:ERROR:crash_report_database_win.cc(469)] failed to stat report
[0620/084830.279:ERROR:crash_report_database_win.cc(469)] failed to stat report
[0620/084845.366:ERROR:crash_report_database_win.cc(469)] failed to stat report
[0620/084845.366:ERROR:crash_report_database_win.cc(469)] failed to stat report
[0620/085345.366:ERROR:crash_report_database_win.cc(469)] failed to stat report
[0620/090845.366:ERROR:crash_report_database_win.cc(469)] failed to stat report
[0620/092345.368:ERROR:crash_report_database_win.cc(469)] failed to stat report
[0620/093845.370:ERROR:crash_report_database_win.cc(469)] failed to stat report
[0620/094613.344:ERROR:crash_report_database_win.cc(469)] failed to stat report
[0620/095345.374:ERROR:crash_report_database_win.cc(469)] failed to stat report
[0620/100845.374:ERROR:crash_report_database_win.cc(469)] failed to stat report
[0620/102345.374:ERROR:crash_report_database_win.cc(469)] failed to stat report
[0620/103845.375:ERROR:crash_report_database_win.cc(469)] failed to stat report
[0620/105345.376:ERROR:crash_report_database_win.cc(469)] failed to stat report
[0620/110845.376:ERROR:crash_report_database_win.cc(469)] failed to stat report
[0620/112345.377:ERROR:crash_report_database_win.cc(469)] failed to stat report
[0620/113845.377:ERROR:crash_report_database_win.cc(469)] failed to stat report
[0620/115345.378:ERROR:crash_report_database_win.cc(469)] failed to stat report
[0620/120845.378:ERROR:crash_report_database_win.cc(469)] failed to stat report
[0620/122345.378:ERROR:crash_report_database_win.cc(469)] failed to stat report
[0620/123845.379:ERROR:crash_report_database_win.cc(469)] failed to stat report
[0620/125345.380:ERROR:crash_report_database_win.cc(469)] failed to stat report
[0620/130845.380:ERROR:crash_report_database_win.cc(469)] failed to stat report
[0620/132345.381:ERROR:crash_report_database_win.cc(469)] failed to stat report
[0620/133845.381:ERROR:crash_report_database_win.cc(469)] failed to stat report
[0620/135345.382:ERROR:crash_report_database_win.cc(469)] failed to stat report
[0620/140845.382:ERROR:crash_report_database_win.cc(469)] failed to stat report
[0620/142345.383:ERROR:crash_report_database_win.cc(469)] failed to stat report
[0620/143845.383:ERROR:crash_report_database_win.cc(469)] failed to stat report
[0620/145345.384:ERROR:crash_report_database_win.cc(469)] failed to stat report
[0620/150845.385:ERROR:crash_report_database_win.cc(469)] failed to stat report
[0620/152345.385:ERROR:crash_report_database_win.cc(469)] failed to stat report
[0620/153845.386:ERROR:crash_report_database_win.cc(469)] failed to stat report
[0620/155345.386:ERROR:crash_report_database_win.cc(469)] failed to stat report
[0620/160845.387:ERROR:crash_report_database_win.cc(469)] failed to stat report
[0620/162345.388:ERROR:crash_report_database_win.cc(469)] failed to stat report
[0620/163845.388:ERROR:crash_report_database_win.cc(469)] failed to stat report
[0620/165345.388:ERROR:crash_report_database_win.cc(469)] failed to stat report
[0620/170845.389:ERROR:crash_report_database_win.cc(469)] failed to stat report
[0620/172345.389:ERROR:crash_report_database_win.cc(469)] failed to stat report
[0620/173845.390:ERROR:crash_report_database_win.cc(469)] failed to stat report
[0620/175345.390:ERROR:crash_report_database_win.cc(469)] failed to stat report
[0620/180845.390:ERROR:crash_report_database_win.cc(469)] failed to stat report
[0620/182345.391:ERROR:crash_report_database_win.cc(469)] failed to stat report
[0620/183845.392:ERROR:crash_report_database_win.cc(469)] failed to stat report
[0620/185345.393:ERROR:crash_report_database_win.cc(469)] failed to stat report
[0620/190845.394:ERROR:crash_report_database_win.cc(469)] failed to stat report
[0620/192345.394:ERROR:crash_report_database_win.cc(469)] failed to stat report
[0620/193845.395:ERROR:crash_report_database_win.cc(469)] failed to stat report
[0620/195345.395:ERROR:crash_report_database_win.cc(469)] failed to stat report
[0620/200845.395:ERROR:crash_report_database_win.cc(469)] failed to stat report
[0620/202345.396:ERROR:crash_report_database_win.cc(469)] failed to stat report
[0620/203845.396:ERROR:crash_report_database_win.cc(469)] failed to stat report
[0620/205345.397:ERROR:crash_report_database_win.cc(469)] failed to stat report
[0620/210845.397:ERROR:crash_report_database_win.cc(469)] failed to stat report
[0620/212345.397:ERROR:crash_report_database_win.cc(469)] failed to stat report
[0620/213845.398:ERROR:crash_report_database_win.cc(469)] failed to stat report
[0620/215345.399:ERROR:crash_report_database_win.cc(469)] failed to stat report
[0620/220845.399:ERROR:crash_report_database_win.cc(469)] failed to stat report
[0620/222345.399:ERROR:crash_report_database_win.cc(469)] failed to stat report
[0620/223845.400:ERROR:crash_report_database_win.cc(469)] failed to stat report
[0620/225345.401:ERROR:crash_report_database_win.cc(469)] failed to stat report
[0620/230845.401:ERROR:crash_report_database_win.cc(469)] failed to stat report
[0620/232345.402:ERROR:crash_report_database_win.cc(469)] failed to stat report
[0620/233845.403:ERROR:crash_report_database_win.cc(469)] failed to stat report
[0620/235345.403:ERROR:crash_report_database_win.cc(469)] failed to stat report
[0621/000845.404:ERROR:crash_report_database_win.cc(469)] failed to stat report
[0621/125604.451:ERROR:crash_report_database_win.cc(469)] failed to stat report
[0621/125625.265:ERROR:crash_report_database_win.cc(469)] failed to stat report
[0621/125732.712:ERROR:crash_report_database_win.cc(469)] failed to stat report
[0621/211115.999:ERROR:crash_report_database_win.cc(469)] failed to stat report
[0621/211116.001:ERROR:crash_report_database_win.cc(469)] failed to stat report
[0622/194435.844:ERROR:crash_report_database_win.cc(469)] failed to stat report
[0622/194501.188:ERROR:crash_report_database_win.cc(469)] failed to stat report
[0622/194622.503:ERROR:crash_report_database_win.cc(469)] failed to stat report
[0622/195622.501:ERROR:crash_report_database_win.cc(469)] failed to stat report
[0622/195622.501:ERROR:crash_report_database_win.cc(469)] failed to stat report
[0622/200122.504:ERROR:crash_report_database_win.cc(469)] failed to stat report
[0622/201622.504:ERROR:crash_report_database_win.cc(469)] failed to stat report
[0622/203122.504:ERROR:crash_report_database_win.cc(469)] failed to stat report
[0622/204622.505:ERROR:crash_report_database_win.cc(469)] failed to stat report
[0622/210122.506:ERROR:crash_report_database_win.cc(469)] failed to stat report
[0622/211622.507:ERROR:crash_report_database_win.cc(469)] failed to stat report
[0624/071701.385:ERROR:crash_report_database_win.cc(469)] failed to stat report
[0624/072701.387:ERROR:crash_report_database_win.cc(469)] failed to stat report
[0624/072701.387:ERROR:crash_report_database_win.cc(469)] failed to stat report
[0624/073201.388:ERROR:crash_report_database_win.cc(469)] failed to stat report
[0624/074701.392:ERROR:crash_report_database_win.cc(469)] failed to stat report
[0624/080201.393:ERROR:crash_report_database_win.cc(469)] failed to stat report
[0624/080746.482:ERROR:crash_report_database_win.cc(469)] failed to stat report
[0624/081701.395:ERROR:crash_report_database_win.cc(469)] failed to stat report
[0624/083201.396:ERROR:crash_report_database_win.cc(469)] failed to stat report
[0624/084701.396:ERROR:crash_report_database_win.cc(469)] failed to stat report
[0624/090201.399:ERROR:crash_report_database_win.cc(469)] failed to stat report
[0624/091701.400:ERROR:crash_report_database_win.cc(469)] failed to stat report
[0624/093201.401:ERROR:crash_report_database_win.cc(469)] failed to stat report
[0624/094701.402:ERROR:crash_report_database_win.cc(469)] failed to stat report
[0624/100201.402:ERROR:crash_report_database_win.cc(469)] failed to stat report
[0624/101701.403:ERROR:crash_report_database_win.cc(469)] failed to stat report
[0624/103201.403:ERROR:crash_report_database_win.cc(469)] failed to stat report
[0624/104701.403:ERROR:crash_report_database_win.cc(469)] failed to stat report
[0624/105100.574:ERROR:crash_report_database_win.cc(469)] failed to stat report
[0624/105750.501:ERROR:crash_report_database_win.cc(469)] failed to stat report
[0624/110201.403:ERROR:crash_report_database_win.cc(469)] failed to stat report
[0624/111701.404:ERROR:crash_report_database_win.cc(469)] failed to stat report
[0624/113201.404:ERROR:crash_report_database_win.cc(469)] failed to stat report
[0624/114701.404:ERROR:crash_report_database_win.cc(469)] failed to stat report
[0624/120201.405:ERROR:crash_report_database_win.cc(469)] failed to stat report
[0624/121701.406:ERROR:crash_report_database_win.cc(469)] failed to stat report
[0624/123201.406:ERROR:crash_report_database_win.cc(469)] failed to stat report
[0624/124701.406:ERROR:crash_report_database_win.cc(469)] failed to stat report
[0624/130201.406:ERROR:crash_report_database_win.cc(469)] failed to stat report
[0624/131701.407:ERROR:crash_report_database_win.cc(469)] failed to stat report
[0624/133201.408:ERROR:crash_report_database_win.cc(469)] failed to stat report
[0624/134701.408:ERROR:crash_report_database_win.cc(469)] failed to stat report
[0624/140201.409:ERROR:crash_report_database_win.cc(469)] failed to stat report
[0624/141701.410:ERROR:crash_report_database_win.cc(469)] failed to stat report
[0624/143201.410:ERROR:crash_report_database_win.cc(469)] failed to stat report
[0624/144701.411:ERROR:crash_report_database_win.cc(469)] failed to stat report
[0624/150201.411:ERROR:crash_report_database_win.cc(469)] failed to stat report
[0624/150659.250:ERROR:crash_report_database_win.cc(469)] failed to stat report
[0624/151701.412:ERROR:crash_report_database_win.cc(469)] failed to stat report
[0624/153201.412:ERROR:crash_report_database_win.cc(469)] failed to stat report
[0624/153302.432:ERROR:crash_report_database_win.cc(469)] failed to stat report
[0624/154701.413:ERROR:crash_report_database_win.cc(469)] failed to stat report
[0624/160201.413:ERROR:crash_report_database_win.cc(469)] failed to stat report
[0624/161701.413:ERROR:crash_report_database_win.cc(469)] failed to stat report
[0624/163201.414:ERROR:crash_report_database_win.cc(469)] failed to stat report
[0624/164701.414:ERROR:crash_report_database_win.cc(469)] failed to stat report
[0624/170201.414:ERROR:crash_report_database_win.cc(469)] failed to stat report
[0624/171701.414:ERROR:crash_report_database_win.cc(469)] failed to stat report
[0624/173201.415:ERROR:crash_report_database_win.cc(469)] failed to stat report
[0624/174701.415:ERROR:crash_report_database_win.cc(469)] failed to stat report
[0624/180201.416:ERROR:crash_report_database_win.cc(469)] failed to stat report
[0624/181701.416:ERROR:crash_report_database_win.cc(469)] failed to stat report
[0624/183201.417:ERROR:crash_report_database_win.cc(469)] failed to stat report
[0624/184701.417:ERROR:crash_report_database_win.cc(469)] failed to stat report
[0624/190201.417:ERROR:crash_report_database_win.cc(469)] failed to stat report
[0624/191701.418:ERROR:crash_report_database_win.cc(469)] failed to stat report
[0624/193201.418:ERROR:crash_report_database_win.cc(469)] failed to stat report
[0624/194701.418:ERROR:crash_report_database_win.cc(469)] failed to stat report
[0624/195541.902:ERROR:crash_report_database_win.cc(469)] failed to stat report
[0624/200201.419:ERROR:crash_report_database_win.cc(469)] failed to stat report
[0624/201701.420:ERROR:crash_report_database_win.cc(469)] failed to stat report
[0624/203201.420:ERROR:crash_report_database_win.cc(469)] failed to stat report
[0624/204701.421:ERROR:crash_report_database_win.cc(469)] failed to stat report
[0624/210201.422:ERROR:crash_report_database_win.cc(469)] failed to stat report
[0624/211701.422:ERROR:crash_report_database_win.cc(469)] failed to stat report
[0624/213201.423:ERROR:crash_report_database_win.cc(469)] failed to stat report
[0624/214701.424:ERROR:crash_report_database_win.cc(469)] failed to stat report
[0624/220201.424:ERROR:crash_report_database_win.cc(469)] failed to stat report
[0624/221701.424:ERROR:crash_report_database_win.cc(469)] failed to stat report
[0624/223201.425:ERROR:crash_report_database_win.cc(469)] failed to stat report
[0624/224701.426:ERROR:crash_report_database_win.cc(469)] failed to stat report
[0624/230201.426:ERROR:crash_report_database_win.cc(469)] failed to stat report
[0625/100342.238:ERROR:crash_report_database_win.cc(469)] failed to stat report
[0625/122359.644:ERROR:crash_report_database_win.cc(469)] failed to stat report
[0625/144639.943:ERROR:crash_report_database_win.cc(469)] failed to stat report
[0625/150323.143:ERROR:crash_report_database_win.cc(469)] failed to stat report
[0625/150820.179:ERROR:crash_report_database_win.cc(469)] failed to stat report
[0625/162342.031:ERROR:crash_report_database_win.cc(469)] failed to stat report
[0625/164433.564:ERROR:crash_report_database_win.cc(469)] failed to stat report
[0626/072401.319:ERROR:crash_report_database_win.cc(469)] failed to stat report
[0626/073401.320:ERROR:crash_report_database_win.cc(469)] failed to stat report
[0626/073401.320:ERROR:crash_report_database_win.cc(469)] failed to stat report
[0626/073901.320:ERROR:crash_report_database_win.cc(469)] failed to stat report
[0626/075401.320:ERROR:crash_report_database_win.cc(469)] failed to stat report
[0626/075808.521:ERROR:crash_report_database_win.cc(469)] failed to stat report
[0626/080901.320:ERROR:crash_report_database_win.cc(469)] failed to stat report
[0626/082401.322:ERROR:crash_report_database_win.cc(469)] failed to stat report
[0626/083901.323:ERROR:crash_report_database_win.cc(469)] failed to stat report
[0626/085401.324:ERROR:crash_report_database_win.cc(469)] failed to stat report
[0626/090901.325:ERROR:crash_report_database_win.cc(469)] failed to stat report
[0626/092401.326:ERROR:crash_report_database_win.cc(469)] failed to stat report
[0626/093901.326:ERROR:crash_report_database_win.cc(469)] failed to stat report
[0626/095401.328:ERROR:crash_report_database_win.cc(469)] failed to stat report
[0626/100901.329:ERROR:crash_report_database_win.cc(469)] failed to stat report
[0626/102401.331:ERROR:crash_report_database_win.cc(469)] failed to stat report
[0626/103901.332:ERROR:crash_report_database_win.cc(469)] failed to stat report
[0626/105401.333:ERROR:crash_report_database_win.cc(469)] failed to stat report
[0626/110901.333:ERROR:crash_report_database_win.cc(469)] failed to stat report
[0626/112401.333:ERROR:crash_report_database_win.cc(469)] failed to stat report
[0626/113901.334:ERROR:crash_report_database_win.cc(469)] failed to stat report
[0626/115401.335:ERROR:crash_report_database_win.cc(469)] failed to stat report
[0626/120901.335:ERROR:crash_report_database_win.cc(469)] failed to stat report
[0626/122401.336:ERROR:crash_report_database_win.cc(469)] failed to stat report
[0626/123901.337:ERROR:crash_report_database_win.cc(469)] failed to stat report
[0626/125401.338:ERROR:crash_report_database_win.cc(469)] failed to stat report
[0626/130901.339:ERROR:crash_report_database_win.cc(469)] failed to stat report
[0626/132401.339:ERROR:crash_report_database_win.cc(469)] failed to stat report
[0626/133901.339:ERROR:crash_report_database_win.cc(469)] failed to stat report
[0626/135401.339:ERROR:crash_report_database_win.cc(469)] failed to stat report
[0626/140901.340:ERROR:crash_report_database_win.cc(469)] failed to stat report
[0626/142401.340:ERROR:crash_report_database_win.cc(469)] failed to stat report
[0626/143901.341:ERROR:crash_report_database_win.cc(469)] failed to stat report
[0626/145401.341:ERROR:crash_report_database_win.cc(469)] failed to stat report
[0626/150901.341:ERROR:crash_report_database_win.cc(469)] failed to stat report
[0626/152401.341:ERROR:crash_report_database_win.cc(469)] failed to stat report
[0626/153901.341:ERROR:crash_report_database_win.cc(469)] failed to stat report
[0626/155401.342:ERROR:crash_report_database_win.cc(469)] failed to stat report
[0626/160901.343:ERROR:crash_report_database_win.cc(469)] failed to stat report
[0626/161249.697:ERROR:process_info.cc(329)] VirtualQueryEx: Access is denied. (0x5)
[0626/161249.698:ERROR:process_info.cc(556)] ReadMemoryInfo failed
[0626/161249.698:ERROR:process_memory_win.cc(39)] Failed to initialize ProcessInfo.
[0626/161249.698:ERROR:scoped_process_suspend.cc(40)] NtResumeProcess: An attempt was made to access an exiting process. (0xc000010a)
[0626/162401.343:ERROR:crash_report_database_win.cc(469)] failed to stat report
[0626/163901.343:ERROR:crash_report_database_win.cc(469)] failed to stat report
[0626/165401.343:ERROR:crash_report_database_win.cc(469)] failed to stat report
[0626/170901.343:ERROR:crash_report_database_win.cc(469)] failed to stat report
[0626/172401.345:ERROR:crash_report_database_win.cc(469)] failed to stat report
[0626/173901.346:ERROR:crash_report_database_win.cc(469)] failed to stat report
[0626/175401.346:ERROR:crash_report_database_win.cc(469)] failed to stat report
[0626/180901.346:ERROR:crash_report_database_win.cc(469)] failed to stat report
[0626/182401.346:ERROR:crash_report_database_win.cc(469)] failed to stat report
[0626/183901.347:ERROR:crash_report_database_win.cc(469)] failed to stat report
[0626/185401.347:ERROR:crash_report_database_win.cc(469)] failed to stat report
[0626/190901.348:ERROR:crash_report_database_win.cc(469)] failed to stat report
[0626/192401.348:ERROR:crash_report_database_win.cc(469)] failed to stat report
[0626/193901.348:ERROR:crash_report_database_win.cc(469)] failed to stat report
[0626/195401.349:ERROR:crash_report_database_win.cc(469)] failed to stat report
[0626/195654.033:ERROR:crash_report_database_win.cc(469)] failed to stat report
[0626/200901.349:ERROR:crash_report_database_win.cc(469)] failed to stat report
[0626/202009.665:ERROR:crash_report_database_win.cc(469)] failed to stat report
[0626/202038.798:ERROR:crash_report_database_win.cc(469)] failed to stat report
